INFO:CLVS Idiosyncratic Vol Instantiated Successfully
INFO:CLVS Idiosyncratic Vol Instantiated Successfully
INFO:CLVS U.S. Presidential Election Instantiated Successfully
INFO:CLVS Presidential Election Event Instantiated Successfully
INFO:CLVS Event Instantiated Successfully
INFO:CLVS Systematic Event Instantiated Successfully
INFO:CLVS Event Instantiated Successfully
INFO:CLVS Systematic Event Instantiated Successfully
INFO:CLVS Event Instantiated Successfully
INFO:CLVS Systematic Event Instantiated Successfully
INFO:CLVS Event Instantiated Successfully
INFO:CLVS Systematic Event Instantiated Successfully
INFO:CLVS Takeout Event Instantiated Successfully.
INFO:CLVS Event Instantiated Successfully
INFO:CLVS Systematic Event Instantiated Successfully
INFO:CLVS Event Instantiated Successfully
INFO:CLVS Systematic Event Instantiated Successfully
INFO:CLVS Idiosyncratic Vol Instantiated Successfully
INFO:CLVS Idiosyncratic Vol Instantiated Successfully
INFO:CLVS Event Instantiated Successfully
INFO:CLVS Systematic Event Instantiated Successfully
INFO:CLVS Idiosyncratic Vol Instantiated Successfully
INFO:CLVS Idiosyncratic Vol Instantiated Successfully
INFO:CLVS Event Instantiated Successfully
INFO:CLVS Systematic Event Instantiated Successfully
INFO:CLVS Idiosyncratic Vol Instantiated Successfully
INFO:CLVS Idiosyncratic Vol Instantiated Successfully
INFO:CLVS U.S. Presidential Election Instantiated Successfully
INFO:CLVS Presidential Election Event Instantiated Successfully
INFO:CLVS Event Instantiated Successfully
INFO:CLVS Systematic Event Instantiated Successfully
INFO:CLVS Event Instantiated Successfully
INFO:CLVS Systematic Event Instantiated Successfully
INFO:CLVS Event Instantiated Successfully
INFO:CLVS Systematic Event Instantiated Successfully
INFO:CLVS Event Instantiated Successfully
INFO:CLVS Systematic Event Instantiated Successfully
INFO:CLVS Takeout Event Instantiated Successfully.
INFO:CLVS Event Instantiated Successfully
INFO:CLVS Systematic Event Instantiated Successfully
INFO:CLVS Event Instantiated Successfully
INFO:CLVS Systematic Event Instantiated Successfully
INFO:CLVS Idiosyncratic Vol Instantiated Successfully
INFO:CLVS Idiosyncratic Vol Instantiated Successfully
INFO:CLVS Event Instantiated Successfully
INFO:CLVS Systematic Event Instantiated Successfully
INFO:CLVS Idiosyncratic Vol Instantiated Successfully
INFO:CLVS Idiosyncratic Vol Instantiated Successfully
INFO:CLVS Event Instantiated Successfully
INFO:CLVS Systematic Event Instantiated Successfully
