INFO:Iterations: 1000000
INFO:Total Prob: 1.000
INFO:Mean Stock Price: 9.119095802585327e-05
INFO:Iterations: 1000000
INFO:Total Prob: 1.000
INFO:Mean Stock Price: -7.785961991216254e-05
INFO:Iterations: 1,000,000
INFO:Total Prob: 1.00
INFO:Mean Stock Price: -0.00043972240249244386
INFO:Iterations: 1,000,000
INFO:Total Prob: 1.00
INFO:Mean Stock Price: 6.479566801315817e-05
INFO:Iterations: 1,000,000
INFO:Total Prob: 1.00
INFO:Mean Stock Price: 0.999870616330943
INFO:Iterations: 1,000,000
INFO:Total Prob: 1.00
INFO:Mean Stock Price: 0.9995490593780598
INFO:Iterations: 1,000,000
INFO:Total Prob: 1.00
INFO:Mean Stock Price: 0.999898454122621
INFO:Iterations: 1,000,000
INFO:Total Prob: 1.00
INFO:Mean Stock Price: 0.9992598043695547
INFO:Iterations: 1,000,000
INFO:Total Prob: 1.00
INFO:Mean Stock Price: 0.9998922964559258
INFO:0.3001499106627228
INFO:Iterations: 1,000,000
INFO:Total Prob: 1.00
INFO:Mean Stock Price: 0.9994225376946297
INFO:0.299950377998134
INFO:Iterations: 1,000,000
INFO:Total Prob: 1.00
INFO:Mean Stock Price: 1.0007349088007684
INFO:0.3000374364855514
INFO:Iterations: 1,000,000
INFO:Total Prob: 1.00
INFO:Mean Stock Price: 0.9996979447526867
INFO:Iterations: 1,000,000
INFO:Total Prob: 1.00
INFO:Mean Stock Price: 0.9998788643470528
INFO:Iterations: 1,000,000
INFO:Total Prob: 1.00
INFO:Mean Stock Price: 1.0001067455301624
INFO:Iterations: 10,000,000
INFO:Total Prob: 1.00
INFO:Mean Stock Price: 100.00222282723145
INFO:Iterations: 10,000,000
INFO:Total Prob: 1.00
INFO:Mean Stock Price: 99.99619194978834
INFO:Iterations: 10,000,000
INFO:Total Prob: 1.00
INFO:Mean Stock Price: 100.00004711168478
INFO:Iterations: 10,000,000
INFO:Total Prob: 1.00
INFO:Mean Stock Price: 100.00146481227013
INFO:Iterations: 10,000,000
INFO:Total Prob: 1.00
INFO:Mean Stock Price: 99.995753491437
INFO:Iterations: 10,000,000
INFO:Total Prob: 1.00
INFO:Mean Stock Price: 99.99825652719818
INFO:Iterations: 10,000,000
INFO:Total Prob: 1.00
INFO:Mean Stock Price: 100.00001580968424
INFO:Iterations: 10,000,000
INFO:Total Prob: 1.00
INFO:Mean Stock Price: 100.00137553793736
INFO:Iterations: 10,000,000
INFO:Total Prob: 1.00
INFO:Mean Stock Price: 100.00373537842033
INFO:Iterations: 10,000,000
INFO:Total Prob: 1.00
INFO:Mean Stock Price: 99.9982516473038
INFO:Iterations: 10,000,000
INFO:Total Prob: 1.00
INFO:Mean Stock Price: 100.00410333167578
INFO:Iterations: 10,000,000
INFO:Total Prob: 1.00
INFO:Mean Stock Price: 100.00177717531501
INFO:Iterations: 10,000,000
INFO:Total Prob: 1.00
INFO:Mean Stock Price: 100.00295798672482
INFO:Iterations: 10,000,000
INFO:Total Prob: 1.00
INFO:Mean Stock Price: 100.00113358973667
INFO:Iterations: 10,000,000
INFO:Total Prob: 1.00
INFO:Mean Stock Price: 99.99817438073235
INFO:Iterations: 10,000,000
INFO:Total Prob: 1.00
INFO:Mean Stock Price: 99.99867149387379
INFO:Iterations: 10,000,000
INFO:Total Prob: 1.00
INFO:Mean Stock Price: 99.9965711632613
INFO:Iterations: 10,000,000
INFO:Total Prob: 1.00
INFO:Mean Stock Price: 100.00312592120483
INFO:Iterations: 10,000,000
INFO:Total Prob: 1.00
INFO:Mean Stock Price: 100.00066725908641
INFO:Iterations: 10,000,000
INFO:Total Prob: 1.00
INFO:Mean Stock Price: 99.99853471712629
INFO:Iterations: 10,000,000
INFO:Total Prob: 1.00
INFO:Mean Stock Price: 100.00809316202671
INFO:Iterations: 1,000,000
INFO:Total Prob: 1.00
INFO:Mean Stock Price: 99.99459554576346
