ERROR:__main__:XLV failed the query
ERROR:__main__:XBI failed the query
INFO:__main__:SPY: Attempts: 1
INFO:__main__:XLV: Attempts: 1
INFO:__main__:XLV: Attempts: 1
INFO:__main__:XLV: Attempts: 1
INFO:__main__:XLF: Attempts: 1
INFO:__main__:XLE: Attempts: 1
INFO:__main__:AMLP: Attempts: 1
INFO:__main__:VFH: Attempts: 1
INFO:__main__:GDX: Attempts: 1
INFO:__main__:XLP: Attempts: 1
INFO:__main__:XLU: Attempts: 1
ERROR:__main__:NBI failed the query
INFO:__main__:XLV: Attempts: 1
INFO:__main__:XLF: Attempts: 1
INFO:__main__:XLE: Attempts: 1
INFO:__main__:AMLP: Attempts: 1
INFO:__main__:VFH: Attempts: 1
INFO:__main__:GDX: Attempts: 1
INFO:__main__:XLU: Attempts: 1
INFO:__main__:XLV: Attempts: 1
INFO:__main__:XLF: Attempts: 1
INFO:__main__:XLE: Attempts: 1
INFO:__main__:AMLP: Attempts: 1
INFO:__main__:VFH: Attempts: 1
INFO:__main__:GDX: Attempts: 1
INFO:__main__:XLU: Attempts: 1
INFO:__main__:XLV: Attempts: 1
INFO:__main__:XLF: Attempts: 1
INFO:__main__:XLE: Attempts: 1
INFO:__main__:AMLP: Attempts: 1
INFO:__main__:VFH: Attempts: 1
INFO:__main__:GDX: Attempts: 1
INFO:__main__:XLU: Attempts: 1
INFO:__main__:XLV: Attempts: 1
INFO:__main__:XLF: Attempts: 1
INFO:__main__:XLE: Attempts: 1
INFO:__main__:AMLP: Attempts: 1
INFO:__main__:VFH: Attempts: 1
INFO:__main__:GDX: Attempts: 1
INFO:__main__:XLU: Attempts: 1
INFO:__main__:XLV: Attempts: 1
INFO:__main__:XLF: Attempts: 1
INFO:__main__:XLE: Attempts: 1
INFO:__main__:AMLP: Attempts: 1
INFO:__main__:VFH: Attempts: 1
INFO:__main__:GDX: Attempts: 2
INFO:__main__:XLU: Attempts: 1
INFO:__main__:XLV: Attempts: 1
INFO:__main__:XLF: Attempts: 1
INFO:__main__:XLE: Attempts: 1
INFO:__main__:AMLP: Attempts: 1
INFO:__main__:VFH: Attempts: 1
INFO:__main__:GDX: Attempts: 1
INFO:__main__:XLU: Attempts: 1
INFO:__main__:XLV: Attempts: 1
INFO:__main__:XLF: Attempts: 1
